2023-04-11T05:52:07.012Z | [Type of Object]: string         | [content]: test
2023-04-11T05:52:07.014Z | [Type of Object]: object         | [content]: {"test":"test"}
2023-04-11T05:52:07.014Z | [Type of Object]: object         | [content]: ["test","test"]
2023-04-11T05:52:07.014Z | [Type of Object]: number         | [content]: 1.1
2023-04-11T05:52:07.015Z | [Type of Object]: object         | [content]: null
2023-04-11T05:52:07.014Z | [Type of Object]: number         | [content]: 1
2023-04-11T05:52:07.015Z | [Type of Object]: boolean        | [content]: false
2023-04-11T05:52:07.015Z | [Type of Object]: undefined      | [content]: undefined
2023-04-11T05:52:07.015Z | [Type of Object]: number         | [content]: null
2023-04-11T05:52:07.014Z | [Type of Object]: boolean        | [content]: true
2023-04-11T05:52:07.016Z | [Type of Object]: number         | [content]: null
2023-04-11T05:52:07.016Z | [Type of Object]: symbol         | [content]: undefined
2023-04-11T05:52:07.016Z | [Type of Object]: function       | [content]: undefined
2023-04-11T05:52:07.016Z | [Type of Object]: function       | [content]: undefined
2023-04-11T05:52:07.016Z | [Type of Object]: function       | [content]: undefined
2023-04-11T05:52:07.015Z | [Type of Object]: number         | [content]: null
2023-04-11T05:52:07.016Z | [Type of Object]: function       | [content]: undefined
2023-04-11T05:52:07.016Z | [Type of Object]: object         | [content]: "2023-04-11T05:52:07.016Z"
2023-04-11T05:52:07.017Z | [Type of Object]: object         | [content]: {}
2023-04-11T05:52:07.016Z | [Type of Object]: object         | [content]: {}
2023-04-11T05:52:07.016Z | [Type of Object]: object         | [content]: {}
2023-04-11T05:52:07.017Z | [Type of Object]: object         | [content]: {}
2023-04-11T05:52:07.017Z | [Type of Object]: object         | [content]: {}
2023-04-11T05:52:07.017Z | [Type of Object]: object         | [content]: {}
2023-04-11T05:52:07.017Z | [Type of Object]: object         | [content]: {}
2023-04-11T05:52:07.017Z | [Type of Object]: object         | [content]: {}
2023-04-11T05:52:07.017Z | [Type of Object]: object         | [content]: {"0":0,"1":0}
2023-04-11T05:52:07.019Z | [Type of Object]: boolean        | [content]: true
 [Type of Object]: boolean        | [content]: false
 [Type of Object]: object         | [content]: [1,2,3,4,5,6,7,8,9,10]
 [Type of Object]: object         | [content]: {"test":"test"}
 [Type of Object]: object         | [content]: null
 [Type of Object]: undefined      | [content]: undefined
 [Type of Object]: number         | [content]: null
 [Type of Object]: number         | [content]: null
 [Type of Object]: number         | [content]: null
 [Type of Object]: symbol         | [content]: undefined
 [Type of Object]: function       | [content]: undefined
 [Type of Object]: function       | [content]: undefined
 [Type of Object]: function       | [content]: undefined
 [Type of Object]: function       | [content]: undefined
 [Type of Object]: object         | [content]: "2023-04-11T05:52:07.019Z"
 [Type of Object]: object         | [content]: {}
 [Type of Object]: object         | [content]: {}
 [Type of Object]: object         | [content]: {}
 [Type of Object]: object         | [content]: {}
 [Type of Object]: object         | [content]: {}
 [Type of Object]: object         | [content]: {}
 [Type of Object]: object         | [content]: {}
2023-04-11T05:52:07.017Z | [Type of Object]: object         | [content]: {"0":0,"1":0}
2023-04-11T06:00:04.934Z | [Type of Object]: string         | [content]: test
2023-04-11T06:00:04.935Z | [Type of Object]: object         | [content]: ["test","test"]
2023-04-11T06:00:04.935Z | [Type of Object]: object         | [content]: {"test":"test"}
2023-04-11T06:00:04.936Z | [Type of Object]: number         | [content]: 1.1
2023-04-11T06:00:04.935Z | [Type of Object]: number         | [content]: 1
2023-04-11T06:00:04.936Z | [Type of Object]: object         | [content]: null
2023-04-11T06:00:04.936Z | [Type of Object]: boolean        | [content]: false
2023-04-11T06:00:04.936Z | [Type of Object]: undefined      | [content]: undefined
2023-04-11T06:00:04.936Z | [Type of Object]: boolean        | [content]: true
2023-04-11T06:00:04.936Z | [Type of Object]: number         | [content]: null
2023-04-11T06:00:04.937Z | [Type of Object]: number         | [content]: null
2023-04-11T06:00:04.937Z | [Type of Object]: number         | [content]: null
2023-04-11T06:00:04.937Z | [Type of Object]: symbol         | [content]: undefined
2023-04-11T06:00:04.937Z | [Type of Object]: function       | [content]: undefined
2023-04-11T06:00:04.937Z | [Type of Object]: function       | [content]: undefined
2023-04-11T06:00:04.937Z | [Type of Object]: function       | [content]: undefined
2023-04-11T06:00:04.937Z | [Type of Object]: object         | [content]: "2023-04-11T06:00:04.937Z"
2023-04-11T06:00:04.938Z | [Type of Object]: object         | [content]: {}
2023-04-11T06:00:04.938Z | [Type of Object]: object         | [content]: {}
2023-04-11T06:00:04.937Z | [Type of Object]: function       | [content]: undefined
2023-04-11T06:00:04.938Z | [Type of Object]: object         | [content]: {}
2023-04-11T06:00:04.938Z | [Type of Object]: object         | [content]: {}
2023-04-11T06:00:04.938Z | [Type of Object]: object         | [content]: {}
2023-04-11T06:00:04.938Z | [Type of Object]: object         | [content]: {}
2023-04-11T06:00:04.938Z | [Type of Object]: object         | [content]: {}
2023-04-11T06:00:04.938Z | [Type of Object]: object         | [content]: {"0":0,"1":0}
2023-04-11T06:00:04.940Z | [Type of Object]: boolean        | [content]: true
 [Type of Object]: boolean        | [content]: false
 [Type of Object]: object         | [content]: [1,2,3,4,5,6,7,8,9,10]
 [Type of Object]: object         | [content]: {"test":"test"}
 [Type of Object]: object         | [content]: null
 [Type of Object]: undefined      | [content]: undefined
 [Type of Object]: number         | [content]: null
 [Type of Object]: number         | [content]: null
 [Type of Object]: number         | [content]: null
 [Type of Object]: symbol         | [content]: undefined
 [Type of Object]: function       | [content]: undefined
 [Type of Object]: function       | [content]: undefined
 [Type of Object]: function       | [content]: undefined
 [Type of Object]: function       | [content]: undefined
 [Type of Object]: object         | [content]: "2023-04-11T06:00:04.940Z"
 [Type of Object]: object         | [content]: {}
 [Type of Object]: object         | [content]: {}
 [Type of Object]: object         | [content]: {}
 [Type of Object]: object         | [content]: {}
 [Type of Object]: object         | [content]: {}
 [Type of Object]: object         | [content]: {}
 [Type of Object]: object         | [content]: {}
2023-04-11T06:00:04.938Z | [Type of Object]: object         | [content]: {}
2023-04-11T06:00:04.939Z | [Type of Object]: object         | [content]: {"0":0,"1":0}
2023-04-11T06:02:41.237Z | [Type of Object]: string         | [content]: test
2023-04-11T06:02:41.238Z | [Type of Object]: object         | [content]: {"test":"test"}
2023-04-11T06:02:41.238Z | [Type of Object]: object         | [content]: ["test","test"]
2023-04-11T06:02:41.238Z | [Type of Object]: number         | [content]: 1.1
2023-04-11T06:02:41.239Z | [Type of Object]: boolean        | [content]: false
2023-04-11T06:02:41.238Z | [Type of Object]: boolean        | [content]: true
2023-04-11T06:02:41.239Z | [Type of Object]: undefined      | [content]: undefined
2023-04-11T06:02:41.238Z | [Type of Object]: number         | [content]: 1
2023-04-11T06:02:41.239Z | [Type of Object]: number         | [content]: null
2023-04-11T06:02:41.240Z | [Type of Object]: number         | [content]: null
2023-04-11T06:02:41.240Z | [Type of Object]: symbol         | [content]: undefined
2023-04-11T06:02:41.239Z | [Type of Object]: number         | [content]: null
2023-04-11T06:02:41.240Z | [Type of Object]: function       | [content]: undefined
2023-04-11T06:02:41.239Z | [Type of Object]: object         | [content]: null
2023-04-11T06:02:41.240Z | [Type of Object]: function       | [content]: undefined
2023-04-11T06:02:41.240Z | [Type of Object]: object         | [content]: "2023-04-11T06:02:41.240Z"
2023-04-11T06:02:41.241Z | [Type of Object]: object         | [content]: {}
2023-04-11T06:02:41.240Z | [Type of Object]: function       | [content]: undefined
2023-04-11T06:02:41.241Z | [Type of Object]: object         | [content]: {}
2023-04-11T06:02:41.240Z | [Type of Object]: function       | [content]: undefined
2023-04-11T06:02:41.241Z | [Type of Object]: object         | [content]: {}
2023-04-11T06:02:41.241Z | [Type of Object]: object         | [content]: {}
2023-04-11T06:02:41.241Z | [Type of Object]: object         | [content]: {}
2023-04-11T06:02:41.241Z | [Type of Object]: object         | [content]: {}
2023-04-11T06:02:41.242Z | [Type of Object]: object         | [content]: {"0":0,"1":0}
2023-04-11T06:02:41.241Z | [Type of Object]: object         | [content]: {}
2023-04-11T06:02:41.243Z | [Type of Object]: boolean        | [content]: true
 [Type of Object]: boolean        | [content]: false
 [Type of Object]: object         | [content]: [1,2,3,4,5,6,7,8,9,10]
 [Type of Object]: object         | [content]: {"test":"test"}
 [Type of Object]: object         | [content]: null
 [Type of Object]: undefined      | [content]: undefined
 [Type of Object]: number         | [content]: null
 [Type of Object]: number         | [content]: null
 [Type of Object]: number         | [content]: null
 [Type of Object]: symbol         | [content]: undefined
 [Type of Object]: function       | [content]: undefined
 [Type of Object]: function       | [content]: undefined
 [Type of Object]: function       | [content]: undefined
 [Type of Object]: function       | [content]: undefined
 [Type of Object]: object         | [content]: "2023-04-11T06:02:41.243Z"
 [Type of Object]: object         | [content]: {}
 [Type of Object]: object         | [content]: {}
 [Type of Object]: object         | [content]: {}
 [Type of Object]: object         | [content]: {}
 [Type of Object]: object         | [content]: {}
 [Type of Object]: object         | [content]: {}
 [Type of Object]: object         | [content]: {}
2023-04-11T06:02:41.241Z | [Type of Object]: object         | [content]: {}
2023-04-11T06:02:41.242Z | [Type of Object]: object         | [content]: {"0":0,"1":0}
2023-04-11T06:04:42.585Z | [Type of Object]: string         | [content]: test
2023-04-11T06:04:42.586Z | [Type of Object]: object         | [content]: ["test","test"]
2023-04-11T06:04:42.586Z | [Type of Object]: object         | [content]: {"test":"test"}
2023-04-11T06:04:42.586Z | [Type of Object]: number         | [content]: 1.1
2023-04-11T06:04:42.586Z | [Type of Object]: number         | [content]: 1
2023-04-11T06:04:42.587Z | [Type of Object]: object         | [content]: null
2023-04-11T06:04:42.587Z | [Type of Object]: undefined      | [content]: undefined
2023-04-11T06:04:42.587Z | [Type of Object]: boolean        | [content]: false
2023-04-11T06:04:42.587Z | [Type of Object]: boolean        | [content]: true
2023-04-11T06:04:42.587Z | [Type of Object]: number         | [content]: null
2023-04-11T06:04:42.587Z | [Type of Object]: number         | [content]: null
2023-04-11T06:04:42.588Z | [Type of Object]: symbol         | [content]: undefined
2023-04-11T06:04:42.588Z | [Type of Object]: function       | [content]: undefined
2023-04-11T06:04:42.588Z | [Type of Object]: number         | [content]: null
2023-04-11T06:04:42.588Z | [Type of Object]: function       | [content]: undefined
2023-04-11T06:04:42.588Z | [Type of Object]: object         | [content]: "2023-04-11T06:04:42.588Z"
2023-04-11T06:04:42.588Z | [Type of Object]: function       | [content]: undefined
2023-04-11T06:04:42.588Z | [Type of Object]: object         | [content]: {}
2023-04-11T06:04:42.588Z | [Type of Object]: function       | [content]: undefined
2023-04-11T06:04:42.589Z | [Type of Object]: object         | [content]: {}
2023-04-11T06:04:42.589Z | [Type of Object]: object         | [content]: {}
2023-04-11T06:04:42.588Z | [Type of Object]: object         | [content]: {}
2023-04-11T06:04:42.589Z | [Type of Object]: object         | [content]: {}
2023-04-11T06:04:42.589Z | [Type of Object]: object         | [content]: {}
2023-04-11T06:04:42.589Z | [Type of Object]: object         | [content]: {}
2023-04-11T06:04:42.589Z | [Type of Object]: object         | [content]: {"0":0,"1":0}
2023-04-11T06:04:42.591Z | [Type of Object]: boolean        | [content]: true
                            [Type of Object]: boolean        | [content]: false
                            [Type of Object]: object         | [content]: [1,2,3,4,5,6,7,8,9,10]
                            [Type of Object]: object         | [content]: {"test":"test"}
                            [Type of Object]: object         | [content]: null
                            [Type of Object]: undefined      | [content]: undefined
                            [Type of Object]: number         | [content]: null
                            [Type of Object]: number         | [content]: null
                            [Type of Object]: number         | [content]: null
                            [Type of Object]: symbol         | [content]: undefined
                            [Type of Object]: function       | [content]: undefined
                            [Type of Object]: function       | [content]: undefined
                            [Type of Object]: function       | [content]: undefined
                            [Type of Object]: function       | [content]: undefined
                            [Type of Object]: object         | [content]: "2023-04-11T06:04:42.591Z"
                            [Type of Object]: object         | [content]: {}
                            [Type of Object]: object         | [content]: {}
                            [Type of Object]: object         | [content]: {}
                            [Type of Object]: object         | [content]: {}
                            [Type of Object]: object         | [content]: {}
                            [Type of Object]: object         | [content]: {}
                            [Type of Object]: object         | [content]: {}
2023-04-11T06:04:42.590Z | [Type of Object]: object         | [content]: {"0":0,"1":0}
2023-04-11T06:04:42.589Z | [Type of Object]: object         | [content]: {}
2023-04-11T06:05:01.608Z | [Type of Object]: string         | [content]: test
2023-04-11T06:05:01.609Z | [Type of Object]: object         | [content]: {"test":"test"}
2023-04-11T06:05:01.609Z | [Type of Object]: object         | [content]: ["test","test"]
2023-04-11T06:05:01.609Z | [Type of Object]: number         | [content]: 1.1
2023-04-11T06:05:01.609Z | [Type of Object]: number         | [content]: 1
2023-04-11T06:05:01.609Z | [Type of Object]: boolean        | [content]: false
2023-04-11T06:05:01.610Z | [Type of Object]: undefined      | [content]: undefined
2023-04-11T06:05:01.610Z | [Type of Object]: number         | [content]: null
2023-04-11T06:05:01.610Z | [Type of Object]: number         | [content]: null
2023-04-11T06:05:01.609Z | [Type of Object]: boolean        | [content]: true
2023-04-11T06:05:01.609Z | [Type of Object]: object         | [content]: null
2023-04-11T06:05:01.610Z | [Type of Object]: symbol         | [content]: undefined
2023-04-11T06:05:01.610Z | [Type of Object]: number         | [content]: null
2023-04-11T06:05:01.610Z | [Type of Object]: function       | [content]: undefined
2023-04-11T06:05:01.611Z | [Type of Object]: function       | [content]: undefined
2023-04-11T06:05:01.610Z | [Type of Object]: function       | [content]: undefined
2023-04-11T06:05:01.611Z | [Type of Object]: function       | [content]: undefined
2023-04-11T06:05:01.611Z | [Type of Object]: object         | [content]: "2023-04-11T06:05:01.611Z"
2023-04-11T06:05:01.611Z | [Type of Object]: object         | [content]: {}
2023-04-11T06:05:01.611Z | [Type of Object]: object         | [content]: {}
2023-04-11T06:05:01.611Z | [Type of Object]: object         | [content]: {}
2023-04-11T06:05:01.611Z | [Type of Object]: object         | [content]: {}
2023-04-11T06:05:01.611Z | [Type of Object]: object         | [content]: {}
2023-04-11T06:05:01.611Z | [Type of Object]: object         | [content]: {}
2023-04-11T06:05:01.612Z | [Type of Object]: object         | [content]: {"0":0,"1":0}
2023-04-11T06:05:01.612Z | [Type of Object]: object         | [content]: {}
2023-04-11T06:05:01.612Z | [Type of Object]: object         | [content]: {"0":0,"1":0}
2023-04-11T06:05:01.611Z | [Type of Object]: object         | [content]: {}
2023-04-11T06:05:01.613Z | [Type of Object]: boolean        | [content]: true
                           [Type of Object]: boolean        | [content]: false
                           [Type of Object]: object         | [content]: [1,2,3,4,5,6,7,8,9,10]
                           [Type of Object]: object         | [content]: {"test":"test"}
                           [Type of Object]: object         | [content]: null
                           [Type of Object]: undefined      | [content]: undefined
                           [Type of Object]: number         | [content]: null
                           [Type of Object]: number         | [content]: null
                           [Type of Object]: number         | [content]: null
                           [Type of Object]: symbol         | [content]: undefined
                           [Type of Object]: function       | [content]: undefined
                           [Type of Object]: function       | [content]: undefined
                           [Type of Object]: function       | [content]: undefined
                           [Type of Object]: function       | [content]: undefined
                           [Type of Object]: object         | [content]: "2023-04-11T06:05:01.613Z"
                           [Type of Object]: object         | [content]: {}
                           [Type of Object]: object         | [content]: {}
                           [Type of Object]: object         | [content]: {}
                           [Type of Object]: object         | [content]: {}
                           [Type of Object]: object         | [content]: {}
                           [Type of Object]: object         | [content]: {}
                           [Type of Object]: object         | [content]: {}
